  World.cpp
g:\visual studio community 2015\vc\include\xutility(2148): error C2280: 'std::unique_ptr<ECS::BaseComponent,std::default_delete<_Ty>> &std::unique_ptr<_Ty,std::default_delete<_Ty>>::operator =(const std::unique_ptr<_Ty,std::default_delete<_Ty>> &)' : tentative de référencement d'une fonction supprimée
          with
          [
              _Ty=ECS::BaseComponent
          ]
  g:\visual studio community 2015\vc\include\memory(1436): note: voir la déclaration de 'std::unique_ptr<ECS::BaseComponent,std::default_delete<_Ty>>::operator ='
          with
          [
              _Ty=ECS::BaseComponent
          ]
  g:\visual studio community 2015\vc\include\xutility(2169): note: voir la référence à l'instanciation de la fonction modèle '_OutIt std::_Copy_impl<_InIt,_OutIt>(_InIt,_InIt,_OutIt,std::_Nonscalar_ptr_iterator_tag)' en cours de compilation
          with
          [
              _OutIt=std::unique_ptr<ECS::BaseComponent,std::default_delete<ECS::BaseComponent>> *,
              _InIt=std::unique_ptr<ECS::BaseComponent,std::default_delete<ECS::BaseComponent>> *
          ]
  g:\visual studio community 2015\vc\include\vector(996): note: voir la référence à l'instanciation de la fonction modèle '_OutIt std::_Copy_impl<std::unique_ptr<ECS::BaseComponent,std::default_delete<_Ty>>,std::unique_ptr<_Ty,std::default_delete<_Ty>>*>(_InIt,_InIt,_OutIt)' en cours de compilation
          with
          [
              _OutIt=std::unique_ptr<ECS::BaseComponent,std::default_delete<ECS::BaseComponent>> *,
              _Ty=ECS::BaseComponent,
              _InIt=std::unique_ptr<ECS::BaseComponent,std::default_delete<ECS::BaseComponent>> *
          ]
  g:\visual studio community 2015\vc\include\vector(979): note: lors de la compilation de la fonction membre '<Inconnu>' de la classe <Inconnu>
  g:\workspace\edencraft\ecs\world.cpp(29): note: voir la référence à l'instanciation de la fonction modèle 'std::vector<std::unique_ptr<ECS::BaseComponent,std::default_delete<_Ty>>,std::allocator<std::unique_ptr<_Ty,std::default_delete<_Ty>>>> &std::vector<std::unique_ptr<_Ty,std::default_delete<_Ty>>,std::allocator<std::unique_ptr<_Ty,std::default_delete<_Ty>>>>::operator =(const std::vector<std::unique_ptr<_Ty,std::default_delete<_Ty>>,std::allocator<std::unique_ptr<_Ty,std::default_delete<_Ty>>>> &)' en cours de compilation
          with
          [
              _Ty=ECS::BaseComponent
          ]
  g:\workspace\edencraft\ecs\entity.hpp(47): note: voir la référence à l'instanciation de la classe modèle 'std::vector<std::unique_ptr<ECS::BaseComponent,std::default_delete<_Ty>>,std::allocator<std::unique_ptr<_Ty,std::default_delete<_Ty>>>>' en cours de compilation
          with
          [
              _Ty=ECS::BaseComponent
          ]
  Génération de code en cours...
  Compilation en cours...
  Entity.cpp
  Génération de code en cours...
