g:\workspace\gameoflife\gameoflife\debug\vc140.pdb
g:\workspace\gameoflife\gameoflife\debug\vc140.idb
g:\workspace\gameoflife\gameoflife\debug\account.obj
g:\workspace\gameoflife\gameoflife\debug\office.obj
g:\workspace\gameoflife\gameoflife\debug\resourcemanager.obj
g:\workspace\gameoflife\gameoflife\debug\componentuser.obj
g:\workspace\gameoflife\gameoflife\debug\entityuser.obj
g:\workspace\gameoflife\gameoflife\debug\communicable.obj
g:\workspace\gameoflife\gameoflife\debug\componentmanager.obj
g:\workspace\gameoflife\gameoflife\debug\entitymanager.obj
g:\workspace\gameoflife\gameoflife\debug\message.obj
g:\workspace\gameoflife\gameoflife\debug\system.obj
g:\workspace\gameoflife\gameoflife\debug\application.obj
g:\workspace\gameoflife\gameoflife\debug\engine.obj
g:\workspace\gameoflife\gameoflife\debug\game.obj
g:\workspace\gameoflife\gameoflife\debug\graphicengine.obj
g:\workspace\gameoflife\gameoflife\debug\logicengine.obj
g:\workspace\gameoflife\gameoflife\debug\main.obj
g:\workspace\gameoflife\gameoflife\debug\finitestatemachine.obj
g:\workspace\gameoflife\debug\edencraft.ilk
g:\workspace\gameoflife\debug\edencraft.exe
g:\workspace\gameoflife\debug\edencraft.pdb
g:\workspace\gameoflife\gameoflife\debug\abstractcomponentfactory.obj
g:\workspace\gameoflife\gameoflife\debug\abstractmessage.obj
g:\workspace\gameoflife\gameoflife\debug\bitmap.obj
g:\workspace\gameoflife\gameoflife\debug\componentfactory.obj
g:\workspace\gameoflife\gameoflife\debug\indexer.obj
g:\workspace\gameoflife\gameoflife\debug\limiter.obj
g:\workspace\gameoflife\gameoflife\debug\resourceuser.obj
g:\workspace\gameoflife\gameoflife\debug\edencraft.tlog\cl.command.1.tlog
g:\workspace\gameoflife\gameoflife\debug\edencraft.tlog\cl.read.1.tlog
g:\workspace\gameoflife\gameoflife\debug\edencraft.tlog\cl.write.1.tlog
g:\workspace\gameoflife\gameoflife\debug\edencraft.tlog\link.command.1.tlog
g:\workspace\gameoflife\gameoflife\debug\edencraft.tlog\link.read.1.tlog
g:\workspace\gameoflife\gameoflife\debug\edencraft.tlog\link.write.1.tlog
