  System.cpp
  ResourceUser.cpp
  ResourceManager.cpp
  RenderUser.cpp
  Office.cpp
  Message.cpp
  main.cpp
  LogicEngine.cpp
  Limiter.cpp
  Indexer.cpp
  GraphicEngine.cpp
  Game.cpp
  FiniteStateMachine.cpp
g:\workspace\edencraft\gameoflife\finitestatemachine.cpp(37): warning C4101: 'e' : variable locale non référencée
  EntityUser.cpp
  EntityManager.cpp
  Engine.cpp
  ComponentUser.cpp
  ComponentManager.cpp
  Communicable.cpp
  Bitmap.cpp
  Génération de code en cours...
g:\workspace\edencraft\gameoflife\bitmap.cpp(106): warning C4715: 'vdr::Bitmap::getPixel' : les chemins de contrôle ne retournent pas tous une valeur
  Compilation en cours...
  Application.cpp
  Account.cpp
  AbstractMessage.cpp
  AbstractEngineFactory.cpp
  AbstractComponentFactory.cpp
  Génération de code en cours...
sfml-graphics-s-d.lib(BlendMode.cpp.obj) : warning LNK4099: PDB 'vc140.pdb' n'a pu Ûtre trouvÚ avec 'sfml-graphics-s-d.lib(BlendMode.cpp.obj)' ou sur 'G:\workspace\EdenCraft\Debug\vc140.pdb'á; l'objet sera liÚ sans informations de dÚbogage
sfml-graphics-s-d.lib(Color.cpp.obj) : warning LNK4099: PDB 'vc140.pdb' n'a pu Ûtre trouvÚ avec 'sfml-graphics-s-d.lib(Color.cpp.obj)' ou sur 'G:\workspace\EdenCraft\Debug\vc140.pdb'á; l'objet sera liÚ sans informations de dÚbogage
sfml-graphics-s-d.lib(GLCheck.cpp.obj) : warning LNK4099: PDB 'vc140.pdb' n'a pu Ûtre trouvÚ avec 'sfml-graphics-s-d.lib(GLCheck.cpp.obj)' ou sur 'G:\workspace\EdenCraft\Debug\vc140.pdb'á; l'objet sera liÚ sans informations de dÚbogage
sfml-graphics-s-d.lib(GLExtensions.cpp.obj) : warning LNK4099: PDB 'vc140.pdb' n'a pu Ûtre trouvÚ avec 'sfml-graphics-s-d.lib(GLExtensions.cpp.obj)' ou sur 'G:\workspace\EdenCraft\Debug\vc140.pdb'á; l'objet sera liÚ sans informations de dÚbogage
sfml-graphics-s-d.lib(Image.cpp.obj) : warning LNK4099: PDB 'vc140.pdb' n'a pu Ûtre trouvÚ avec 'sfml-graphics-s-d.lib(Image.cpp.obj)' ou sur 'G:\workspace\EdenCraft\Debug\vc140.pdb'á; l'objet sera liÚ sans informations de dÚbogage
sfml-graphics-s-d.lib(ImageLoader.cpp.obj) : warning LNK4099: PDB 'vc140.pdb' n'a pu Ûtre trouvÚ avec 'sfml-graphics-s-d.lib(ImageLoader.cpp.obj)' ou sur 'G:\workspace\EdenCraft\Debug\vc140.pdb'á; l'objet sera liÚ sans informations de dÚbogage
sfml-graphics-s-d.lib(RenderStates.cpp.obj) : warning LNK4099: PDB 'vc140.pdb' n'a pu Ûtre trouvÚ avec 'sfml-graphics-s-d.lib(RenderStates.cpp.obj)' ou sur 'G:\workspace\EdenCraft\Debug\vc140.pdb'á; l'objet sera liÚ sans informations de dÚbogage
sfml-graphics-s-d.lib(RenderTexture.cpp.obj) : warning LNK4099: PDB 'vc140.pdb' n'a pu Ûtre trouvÚ avec 'sfml-graphics-s-d.lib(RenderTexture.cpp.obj)' ou sur 'G:\workspace\EdenCraft\Debug\vc140.pdb'á; l'objet sera liÚ sans informations de dÚbogage
sfml-graphics-s-d.lib(RenderTarget.cpp.obj) : warning LNK4099: PDB 'vc140.pdb' n'a pu Ûtre trouvÚ avec 'sfml-graphics-s-d.lib(RenderTarget.cpp.obj)' ou sur 'G:\workspace\EdenCraft\Debug\vc140.pdb'á; l'objet sera liÚ sans informations de dÚbogage
sfml-graphics-s-d.lib(RenderWindow.cpp.obj) : warning LNK4099: PDB 'vc140.pdb' n'a pu Ûtre trouvÚ avec 'sfml-graphics-s-d.lib(RenderWindow.cpp.obj)' ou sur 'G:\workspace\EdenCraft\Debug\vc140.pdb'á; l'objet sera liÚ sans informations de dÚbogage
sfml-graphics-s-d.lib(Shader.cpp.obj) : warning LNK4099: PDB 'vc140.pdb' n'a pu Ûtre trouvÚ avec 'sfml-graphics-s-d.lib(Shader.cpp.obj)' ou sur 'G:\workspace\EdenCraft\Debug\vc140.pdb'á; l'objet sera liÚ sans informations de dÚbogage
sfml-graphics-s-d.lib(Texture.cpp.obj) : warning LNK4099: PDB 'vc140.pdb' n'a pu Ûtre trouvÚ avec 'sfml-graphics-s-d.lib(Texture.cpp.obj)' ou sur 'G:\workspace\EdenCraft\Debug\vc140.pdb'á; l'objet sera liÚ sans informations de dÚbogage
sfml-graphics-s-d.lib(TextureSaver.cpp.obj) : warning LNK4099: PDB 'vc140.pdb' n'a pu Ûtre trouvÚ avec 'sfml-graphics-s-d.lib(TextureSaver.cpp.obj)' ou sur 'G:\workspace\EdenCraft\Debug\vc140.pdb'á; l'objet sera liÚ sans informations de dÚbogage
sfml-graphics-s-d.lib(Transform.cpp.obj) : warning LNK4099: PDB 'vc140.pdb' n'a pu Ûtre trouvÚ avec 'sfml-graphics-s-d.lib(Transform.cpp.obj)' ou sur 'G:\workspace\EdenCraft\Debug\vc140.pdb'á; l'objet sera liÚ sans informations de dÚbogage
sfml-graphics-s-d.lib(Transformable.cpp.obj) : warning LNK4099: PDB 'vc140.pdb' n'a pu Ûtre trouvÚ avec 'sfml-graphics-s-d.lib(Transformable.cpp.obj)' ou sur 'G:\workspace\EdenCraft\Debug\vc140.pdb'á; l'objet sera liÚ sans informations de dÚbogage
sfml-graphics-s-d.lib(View.cpp.obj) : warning LNK4099: PDB 'vc140.pdb' n'a pu Ûtre trouvÚ avec 'sfml-graphics-s-d.lib(View.cpp.obj)' ou sur 'G:\workspace\EdenCraft\Debug\vc140.pdb'á; l'objet sera liÚ sans informations de dÚbogage
sfml-graphics-s-d.lib(Vertex.cpp.obj) : warning LNK4099: PDB 'vc140.pdb' n'a pu Ûtre trouvÚ avec 'sfml-graphics-s-d.lib(Vertex.cpp.obj)' ou sur 'G:\workspace\EdenCraft\Debug\vc140.pdb'á; l'objet sera liÚ sans informations de dÚbogage
sfml-graphics-s-d.lib(GLLoader.cpp.obj) : warning LNK4099: PDB 'vc140.pdb' n'a pu Ûtre trouvÚ avec 'sfml-graphics-s-d.lib(GLLoader.cpp.obj)' ou sur 'G:\workspace\EdenCraft\Debug\vc140.pdb'á; l'objet sera liÚ sans informations de dÚbogage
sfml-graphics-s-d.lib(Sprite.cpp.obj) : warning LNK4099: PDB 'vc140.pdb' n'a pu Ûtre trouvÚ avec 'sfml-graphics-s-d.lib(Sprite.cpp.obj)' ou sur 'G:\workspace\EdenCraft\Debug\vc140.pdb'á; l'objet sera liÚ sans informations de dÚbogage
sfml-graphics-s-d.lib(RenderTextureImpl.cpp.obj) : warning LNK4099: PDB 'vc140.pdb' n'a pu Ûtre trouvÚ avec 'sfml-graphics-s-d.lib(RenderTextureImpl.cpp.obj)' ou sur 'G:\workspace\EdenCraft\Debug\vc140.pdb'á; l'objet sera liÚ sans informations de dÚbogage
sfml-graphics-s-d.lib(RenderTextureImplFBO.cpp.obj) : warning LNK4099: PDB 'vc140.pdb' n'a pu Ûtre trouvÚ avec 'sfml-graphics-s-d.lib(RenderTextureImplFBO.cpp.obj)' ou sur 'G:\workspace\EdenCraft\Debug\vc140.pdb'á; l'objet sera liÚ sans informations de dÚbogage
sfml-graphics-s-d.lib(RenderTextureImplDefault.cpp.obj) : warning LNK4099: PDB 'vc140.pdb' n'a pu Ûtre trouvÚ avec 'sfml-graphics-s-d.lib(RenderTextureImplDefault.cpp.obj)' ou sur 'G:\workspace\EdenCraft\Debug\vc140.pdb'á; l'objet sera liÚ sans informations de dÚbogage
sfml-window-s-d.lib(Context.cpp.obj) : warning LNK4099: PDB 'vc140.pdb' n'a pu Ûtre trouvÚ avec 'sfml-window-s-d.lib(Context.cpp.obj)' ou sur 'G:\workspace\EdenCraft\Debug\vc140.pdb'á; l'objet sera liÚ sans informations de dÚbogage
sfml-window-s-d.lib(GlContext.cpp.obj) : warning LNK4099: PDB 'vc140.pdb' n'a pu Ûtre trouvÚ avec 'sfml-window-s-d.lib(GlContext.cpp.obj)' ou sur 'G:\workspace\EdenCraft\Debug\vc140.pdb'á; l'objet sera liÚ sans informations de dÚbogage
sfml-window-s-d.lib(GlResource.cpp.obj) : warning LNK4099: PDB 'vc140.pdb' n'a pu Ûtre trouvÚ avec 'sfml-window-s-d.lib(GlResource.cpp.obj)' ou sur 'G:\workspace\EdenCraft\Debug\vc140.pdb'á; l'objet sera liÚ sans informations de dÚbogage
sfml-window-s-d.lib(Joystick.cpp.obj) : warning LNK4099: PDB 'vc140.pdb' n'a pu Ûtre trouvÚ avec 'sfml-window-s-d.lib(Joystick.cpp.obj)' ou sur 'G:\workspace\EdenCraft\Debug\vc140.pdb'á; l'objet sera liÚ sans informations de dÚbogage
sfml-window-s-d.lib(JoystickManager.cpp.obj) : warning LNK4099: PDB 'vc140.pdb' n'a pu Ûtre trouvÚ avec 'sfml-window-s-d.lib(JoystickManager.cpp.obj)' ou sur 'G:\workspace\EdenCraft\Debug\vc140.pdb'á; l'objet sera liÚ sans informations de dÚbogage
sfml-window-s-d.lib(SensorManager.cpp.obj) : warning LNK4099: PDB 'vc140.pdb' n'a pu Ûtre trouvÚ avec 'sfml-window-s-d.lib(SensorManager.cpp.obj)' ou sur 'G:\workspace\EdenCraft\Debug\vc140.pdb'á; l'objet sera liÚ sans informations de dÚbogage
sfml-window-s-d.lib(VideoMode.cpp.obj) : warning LNK4099: PDB 'vc140.pdb' n'a pu Ûtre trouvÚ avec 'sfml-window-s-d.lib(VideoMode.cpp.obj)' ou sur 'G:\workspace\EdenCraft\Debug\vc140.pdb'á; l'objet sera liÚ sans informations de dÚbogage
sfml-window-s-d.lib(Window.cpp.obj) : warning LNK4099: PDB 'vc140.pdb' n'a pu Ûtre trouvÚ avec 'sfml-window-s-d.lib(Window.cpp.obj)' ou sur 'G:\workspace\EdenCraft\Debug\vc140.pdb'á; l'objet sera liÚ sans informations de dÚbogage
sfml-window-s-d.lib(WindowImpl.cpp.obj) : warning LNK4099: PDB 'vc140.pdb' n'a pu Ûtre trouvÚ avec 'sfml-window-s-d.lib(WindowImpl.cpp.obj)' ou sur 'G:\workspace\EdenCraft\Debug\vc140.pdb'á; l'objet sera liÚ sans informations de dÚbogage
sfml-window-s-d.lib(WglContext.cpp.obj) : warning LNK4099: PDB 'vc140.pdb' n'a pu Ûtre trouvÚ avec 'sfml-window-s-d.lib(WglContext.cpp.obj)' ou sur 'G:\workspace\EdenCraft\Debug\vc140.pdb'á; l'objet sera liÚ sans informations de dÚbogage
sfml-window-s-d.lib(WglExtensions.cpp.obj) : warning LNK4099: PDB 'vc140.pdb' n'a pu Ûtre trouvÚ avec 'sfml-window-s-d.lib(WglExtensions.cpp.obj)' ou sur 'G:\workspace\EdenCraft\Debug\vc140.pdb'á; l'objet sera liÚ sans informations de dÚbogage
sfml-window-s-d.lib(JoystickImpl.cpp.obj) : warning LNK4099: PDB 'vc140.pdb' n'a pu Ûtre trouvÚ avec 'sfml-window-s-d.lib(JoystickImpl.cpp.obj)' ou sur 'G:\workspace\EdenCraft\Debug\vc140.pdb'á; l'objet sera liÚ sans informations de dÚbogage
sfml-window-s-d.lib(SensorImpl.cpp.obj) : warning LNK4099: PDB 'vc140.pdb' n'a pu Ûtre trouvÚ avec 'sfml-window-s-d.lib(SensorImpl.cpp.obj)' ou sur 'G:\workspace\EdenCraft\Debug\vc140.pdb'á; l'objet sera liÚ sans informations de dÚbogage
sfml-window-s-d.lib(VideoModeImpl.cpp.obj) : warning LNK4099: PDB 'vc140.pdb' n'a pu Ûtre trouvÚ avec 'sfml-window-s-d.lib(VideoModeImpl.cpp.obj)' ou sur 'G:\workspace\EdenCraft\Debug\vc140.pdb'á; l'objet sera liÚ sans informations de dÚbogage
sfml-window-s-d.lib(WindowImplWin32.cpp.obj) : warning LNK4099: PDB 'vc140.pdb' n'a pu Ûtre trouvÚ avec 'sfml-window-s-d.lib(WindowImplWin32.cpp.obj)' ou sur 'G:\workspace\EdenCraft\Debug\vc140.pdb'á; l'objet sera liÚ sans informations de dÚbogage
sfml-system-s-d.lib(Clock.cpp.obj) : warning LNK4099: PDB 'vc140.pdb' n'a pu Ûtre trouvÚ avec 'sfml-system-s-d.lib(Clock.cpp.obj)' ou sur 'G:\workspace\EdenCraft\Debug\vc140.pdb'á; l'objet sera liÚ sans informations de dÚbogage
sfml-system-s-d.lib(Err.cpp.obj) : warning LNK4099: PDB 'vc140.pdb' n'a pu Ûtre trouvÚ avec 'sfml-system-s-d.lib(Err.cpp.obj)' ou sur 'G:\workspace\EdenCraft\Debug\vc140.pdb'á; l'objet sera liÚ sans informations de dÚbogage
sfml-system-s-d.lib(Lock.cpp.obj) : warning LNK4099: PDB 'vc140.pdb' n'a pu Ûtre trouvÚ avec 'sfml-system-s-d.lib(Lock.cpp.obj)' ou sur 'G:\workspace\EdenCraft\Debug\vc140.pdb'á; l'objet sera liÚ sans informations de dÚbogage
sfml-system-s-d.lib(Mutex.cpp.obj) : warning LNK4099: PDB 'vc140.pdb' n'a pu Ûtre trouvÚ avec 'sfml-system-s-d.lib(Mutex.cpp.obj)' ou sur 'G:\workspace\EdenCraft\Debug\vc140.pdb'á; l'objet sera liÚ sans informations de dÚbogage
sfml-system-s-d.lib(Sleep.cpp.obj) : warning LNK4099: PDB 'vc140.pdb' n'a pu Ûtre trouvÚ avec 'sfml-system-s-d.lib(Sleep.cpp.obj)' ou sur 'G:\workspace\EdenCraft\Debug\vc140.pdb'á; l'objet sera liÚ sans informations de dÚbogage
sfml-system-s-d.lib(String.cpp.obj) : warning LNK4099: PDB 'vc140.pdb' n'a pu Ûtre trouvÚ avec 'sfml-system-s-d.lib(String.cpp.obj)' ou sur 'G:\workspace\EdenCraft\Debug\vc140.pdb'á; l'objet sera liÚ sans informations de dÚbogage
sfml-system-s-d.lib(ThreadLocal.cpp.obj) : warning LNK4099: PDB 'vc140.pdb' n'a pu Ûtre trouvÚ avec 'sfml-system-s-d.lib(ThreadLocal.cpp.obj)' ou sur 'G:\workspace\EdenCraft\Debug\vc140.pdb'á; l'objet sera liÚ sans informations de dÚbogage
sfml-system-s-d.lib(Time.cpp.obj) : warning LNK4099: PDB 'vc140.pdb' n'a pu Ûtre trouvÚ avec 'sfml-system-s-d.lib(Time.cpp.obj)' ou sur 'G:\workspace\EdenCraft\Debug\vc140.pdb'á; l'objet sera liÚ sans informations de dÚbogage
sfml-system-s-d.lib(ClockImpl.cpp.obj) : warning LNK4099: PDB 'vc140.pdb' n'a pu Ûtre trouvÚ avec 'sfml-system-s-d.lib(ClockImpl.cpp.obj)' ou sur 'G:\workspace\EdenCraft\Debug\vc140.pdb'á; l'objet sera liÚ sans informations de dÚbogage
sfml-system-s-d.lib(MutexImpl.cpp.obj) : warning LNK4099: PDB 'vc140.pdb' n'a pu Ûtre trouvÚ avec 'sfml-system-s-d.lib(MutexImpl.cpp.obj)' ou sur 'G:\workspace\EdenCraft\Debug\vc140.pdb'á; l'objet sera liÚ sans informations de dÚbogage
sfml-system-s-d.lib(SleepImpl.cpp.obj) : warning LNK4099: PDB 'vc140.pdb' n'a pu Ûtre trouvÚ avec 'sfml-system-s-d.lib(SleepImpl.cpp.obj)' ou sur 'G:\workspace\EdenCraft\Debug\vc140.pdb'á; l'objet sera liÚ sans informations de dÚbogage
sfml-system-s-d.lib(ThreadLocalImpl.cpp.obj) : warning LNK4099: PDB 'vc140.pdb' n'a pu Ûtre trouvÚ avec 'sfml-system-s-d.lib(ThreadLocalImpl.cpp.obj)' ou sur 'G:\workspace\EdenCraft\Debug\vc140.pdb'á; l'objet sera liÚ sans informations de dÚbogage
  GameOfLife.vcxproj -> G:\workspace\EdenCraft\Debug\EdenCraft.exe
